[    1276ms] [ERROR] WebSocket connection to 'ws://localhost:5000/?token=v76wqK3VHs8Y' failed: Error during WebSocket handshake: Unexpected response code: 400 @ http://localhost:5000/@vite/client:535
[    1281ms] SyntaxError: Failed to construct 'WebSocket': The URL 'ws://localhost:undefined/?token=v76wqK3VHs8Y' is invalid.
    at setupWebSocket (http://localhost:5000/@vite/client:536:19)
    at fallback (http://localhost:5000/@vite/client:509:16)
    at WebSocket.<anonymous> (http://localhost:5000/@vite/client:555:7)
[    2083ms] [ERROR] Warning: validateDOMNesting(...): %s cannot appear as a descendant of <%s>.%s <a> a 
    at a
    at a
    at http://localhost:5000/@fs/C:/Users/tvarv/Desktop/GymGurus%20-%20Copy/node_modules/.vite/deps/wouter.js?v=55f2081c:337:18
    at div
    at div
    at div
    at div
    at div
    at MotionComponent (http://localhost:5000/@fs/C:/Users/tvarv/Desktop/GymGurus%20-%20Copy/node_modules/.vite/deps/framer-motion.js?v=55f2081c:945:40)
    at HeroHeader (http://localhost:5000/src/components/solo-dashboard/HeroHeader.tsx?t=1772654226781:65:30)
    at div
    at SoloDashboard (http://localhost:5000/src/pages/solo/SoloDashboard.tsx?t=1772654226781:106:20)
    at div
    at MotionComponent (http://localhost:5000/@fs/C:/Users/tvarv/Desktop/GymGurus%20-%20Copy/node_modules/.vite/deps/framer-motion.js?v=55f2081c:945:40)
    at _c (http://localhost:5000/src/components/AnimationComponents.tsx:22:11)
    at Suspense
    at http://localhost:5000/src/App.tsx?t=1772654226781:260:26
    at Route (http://localhost:5000/@fs/C:/Users/tvarv/Desktop/GymGurus%20-%20Copy/node_modules/.vite/deps/wouter.js?v=55f2081c:323:16)
    at Switch (http://localhost:5000/@fs/C:/Users/tvarv/Desktop/GymGurus%20-%20Copy/node_modules/.vite/deps/wouter.js?v=55f2081c:379:17)
    at Suspense
    at div
    at MotionComponent (http://localhost:5000/@fs/C:/Users/tvarv/Desktop/GymGurus%20-%20Copy/node_modules/.vite/deps/framer-motion.js?v=55f2081c:945:40)
    at PresenceChild (http://localhost:5000/@fs/C:/Users/tvarv/Desktop/GymGurus%20-%20Copy/node_modules/.vite/deps/framer-motion.js?v=55f2081c:121:24)
    at AnimatePresence (http://localhost:5000/@fs/C:/Users/tvarv/Desktop/GymGurus%20-%20Copy/node_modules/.vite/deps/framer-motion.js?v=55f2081c:210:26)
    at Router (http://localhost:5000/src/App.tsx?t=1772654226781:491:22)
    at ErrorBoundary (http://localhost:5000/src/components/ErrorBoundary.tsx:10:5)
    at div
    at div
    at main
    at div
    at div
    at div
    at Provider (http://localhost:5000/@fs/C:/Users/tvarv/Desktop/GymGurus%20-%20Copy/node_modules/.vite/deps/chunk-OXZDJRWN.js?v=55f2081c:38:15)
    at TooltipProvider (http://localhost:5000/@fs/C:/Users/tvarv/Desktop/GymGurus%20-%20Copy/node_modules/.vite/deps/@radix-ui_react-tooltip.js?v=55f2081c:62:5)
    at SidebarProvider (http://localhost:5000/src/components/ui/sidebar.tsx:54:3)
    at AuthWrapper (http://localhost:5000/src/App.tsx?t=1772654226781:1582:24)
    at AppLayout (http://localhost:5000/src/App.tsx?t=1772654226781:1877:3)
    at Provider (http://localhost:5000/@fs/C:/Users/tvarv/Desktop/GymGurus%20-%20Copy/node_modules/.vite/deps/chunk-OXZDJRWN.js?v=55f2081c:38:15)
    at TooltipProvider (http://localhost:5000/@fs/C:/Users/tvarv/Desktop/GymGurus%20-%20Copy/node_modules/.vite/deps/@radix-ui_react-tooltip.js?v=55f2081c:62:5)
    at UserProvider (http://localhost:5000/src/contexts/UserContext.tsx:81:32)
    at QueryClientProvider (http://localhost:5000/@fs/C:/Users/tvarv/Desktop/GymGurus%20-%20Copy/node_modules/.vite/deps/@tanstack_react-query.js?v=55f2081c:2805:3)
    at App @ http://localhost:5000/@fs/C:/Users/tvarv/Desktop/GymGurus%20-%20Copy/node_modules/.vite/deps/chunk-RPCDYKBN.js?v=55f2081c:520
