[     480ms] [WARNING] <meta name="apple-mobile-web-app-capable" content="yes"> is deprecated. Please include <meta name="mobile-web-app-capable" content="yes"> @ https://gym-gurus-production.up.railway.app/dashboard:0
[     828ms] [ERROR] Failed to load resource: the server responded with a status of 403 () @ https://gym-gurus-production.up.railway.app/api/analytics/web-vitals:0
[     833ms] [ERROR] Failed to load resource: the server responded with a status of 403 () @ https://gym-gurus-production.up.railway.app/api/analytics/web-vitals:0
[    1436ms] [ERROR] Failed to load resource: the server responded with a status of 503 () @ https://gym-gurus-production.up.railway.app/api/ai/progress-insights:0
[   34730ms] [ERROR] Failed to load resource: the server responded with a status of 403 () @ https://gym-gurus-production.up.railway.app/api/analytics/web-vitals:0
[   34997ms] [WARNING] <meta name="apple-mobile-web-app-capable" content="yes"> is deprecated. Please include <meta name="mobile-web-app-capable" content="yes"> @ https://gym-gurus-production.up.railway.app/solo/coach:0
[   35287ms] [ERROR] Failed to load resource: the server responded with a status of 403 () @ https://gym-gurus-production.up.railway.app/api/analytics/web-vitals:0
[   35374ms] [ERROR] Failed to load resource: the server responded with a status of 403 () @ https://gym-gurus-production.up.railway.app/api/analytics/web-vitals:0
[   42145ms] [ERROR] Failed to load resource: the server responded with a status of 503 () @ https://gym-gurus-production.up.railway.app/api/ai/chat:0
[   42150ms] [ERROR] Failed to load resource: the server responded with a status of 403 () @ https://gym-gurus-production.up.railway.app/api/analytics/web-vitals:0
[   53726ms] [WARNING] <meta name="apple-mobile-web-app-capable" content="yes"> is deprecated. Please include <meta name="mobile-web-app-capable" content="yes"> @ https://gym-gurus-production.up.railway.app/solo/generate:0
[   54041ms] [ERROR] Failed to load resource: the server responded with a status of 403 () @ https://gym-gurus-production.up.railway.app/api/analytics/web-vitals:0
[   54132ms] [ERROR] Failed to load resource: the server responded with a status of 403 () @ https://gym-gurus-production.up.railway.app/api/analytics/web-vitals:0
[   60131ms] [ERROR] Failed to load resource: the server responded with a status of 403 () @ https://gym-gurus-production.up.railway.app/api/analytics/web-vitals:0
[   70137ms] [ERROR] Failed to load resource: the server responded with a status of 503 () @ https://gym-gurus-production.up.railway.app/api/ai/generate-workout:0
[   78998ms] [WARNING] <meta name="apple-mobile-web-app-capable" content="yes"> is deprecated. Please include <meta name="mobile-web-app-capable" content="yes"> @ https://gym-gurus-production.up.railway.app/solo/nutrition:0
[   79353ms] [ERROR] Failed to load resource: the server responded with a status of 403 () @ https://gym-gurus-production.up.railway.app/api/analytics/web-vitals:0
[   79354ms] [ERROR] Failed to load resource: the server responded with a status of 403 () @ https://gym-gurus-production.up.railway.app/api/analytics/web-vitals:0
[   85421ms] [WARNING] <meta name="apple-mobile-web-app-capable" content="yes"> is deprecated. Please include <meta name="mobile-web-app-capable" content="yes"> @ https://gym-gurus-production.up.railway.app/workouts:0
[   85687ms] [ERROR] Failed to load resource: the server responded with a status of 429 () @ https://gym-gurus-production.up.railway.app/api/auth/user:0
[   85693ms] [ERROR] Failed to load resource: the server responded with a status of 403 () @ https://gym-gurus-production.up.railway.app/api/analytics/web-vitals:0
[   85756ms] [ERROR] Failed to load resource: the server responded with a status of 403 () @ https://gym-gurus-production.up.railway.app/api/analytics/web-vitals:0
