[   51347ms] [ERROR] ReferenceError: Cannot access 's' before initialization
    at rt (https://gym-gurus-production.up.railway.app/assets/WorkoutExecution-DGHvlKJO.js:4:1968)
    at tu (https://gym-gurus-production.up.railway.app/assets/vendor-ui-BMNA1oD0.js:22:16994)
    at Ys (https://gym-gurus-production.up.railway.app/assets/vendor-ui-BMNA1oD0.js:24:3139)
    at Np (https://gym-gurus-production.up.railway.app/assets/vendor-ui-BMNA1oD0.js:24:44448)
    at Rp (https://gym-gurus-production.up.railway.app/assets/vendor-ui-BMNA1oD0.js:24:39699)
    at ww (https://gym-gurus-production.up.railway.app/assets/vendor-ui-BMNA1oD0.js:24:39627)
    at Fi (https://gym-gurus-production.up.railway.app/assets/vendor-ui-BMNA1oD0.js:24:39481)
    at ia (https://gym-gurus-production.up.railway.app/assets/vendor-ui-BMNA1oD0.js:24:35863)
    at Ep (https://gym-gurus-production.up.railway.app/assets/vendor-ui-BMNA1oD0.js:24:34814)
    at E (https://gym-gurus-production.up.railway.app/assets/vendor-ui-BMNA1oD0.js:9:1554) @ https://gym-gurus-production.up.railway.app/assets/vendor-ui-BMNA1oD0.js:23
[   51347ms] [ERROR] ErrorBoundary caught an error: ReferenceError: Cannot access 's' before initialization
    at rt (https://gym-gurus-production.up.railway.app/assets/WorkoutExecution-DGHvlKJO.js:4:1968)
    at tu (https://gym-gurus-production.up.railway.app/assets/vendor-ui-BMNA1oD0.js:22:16994)
    at Ys (https://gym-gurus-production.up.railway.app/assets/vendor-ui-BMNA1oD0.js:24:3139)
    at Np (https://gym-gurus-production.up.railway.app/assets/vendor-ui-BMNA1oD0.js:24:44448)
    at Rp (https://gym-gurus-production.up.railway.app/assets/vendor-ui-BMNA1oD0.js:24:39699)
    at ww (https://gym-gurus-production.up.railway.app/assets/vendor-ui-BMNA1oD0.js:24:39627)
    at Fi (https://gym-gurus-production.up.railway.app/assets/vendor-ui-BMNA1oD0.js:24:39481)
    at ia (https://gym-gurus-production.up.railway.app/assets/vendor-ui-BMNA1oD0.js:24:35863)
    at Ep (https://gym-gurus-production.up.railway.app/assets/vendor-ui-BMNA1oD0.js:24:34814)
    at E (https://gym-gurus-production.up.railway.app/assets/vendor-ui-BMNA1oD0.js:9:1554) {componentStack: 
    at rt (https://gym-gurus-production.up.railwa…ssets/vendor-query-KPOGofh8.js:9:36251)
    at Go} @ https://gym-gurus-production.up.railway.app/assets/index-BWXbP6aw.js:1
[   63834ms] [ERROR] ReferenceError: Cannot access 's' before initialization
    at rt (https://gym-gurus-production.up.railway.app/assets/WorkoutExecution-DGHvlKJO.js:4:1968)
    at tu (https://gym-gurus-production.up.railway.app/assets/vendor-ui-BMNA1oD0.js:22:16994)
    at Ys (https://gym-gurus-production.up.railway.app/assets/vendor-ui-BMNA1oD0.js:24:3139)
    at Np (https://gym-gurus-production.up.railway.app/assets/vendor-ui-BMNA1oD0.js:24:44448)
    at Rp (https://gym-gurus-production.up.railway.app/assets/vendor-ui-BMNA1oD0.js:24:39699)
    at ww (https://gym-gurus-production.up.railway.app/assets/vendor-ui-BMNA1oD0.js:24:39627)
    at Fi (https://gym-gurus-production.up.railway.app/assets/vendor-ui-BMNA1oD0.js:24:39481)
    at ia (https://gym-gurus-production.up.railway.app/assets/vendor-ui-BMNA1oD0.js:24:35863)
    at nf (https://gym-gurus-production.up.railway.app/assets/vendor-ui-BMNA1oD0.js:24:36665)
    at sn (https://gym-gurus-production.up.railway.app/assets/vendor-ui-BMNA1oD0.js:22:3272) @ https://gym-gurus-production.up.railway.app/assets/vendor-ui-BMNA1oD0.js:23
[   63835ms] [ERROR] ErrorBoundary caught an error: ReferenceError: Cannot access 's' before initialization
    at rt (https://gym-gurus-production.up.railway.app/assets/WorkoutExecution-DGHvlKJO.js:4:1968)
    at tu (https://gym-gurus-production.up.railway.app/assets/vendor-ui-BMNA1oD0.js:22:16994)
    at Ys (https://gym-gurus-production.up.railway.app/assets/vendor-ui-BMNA1oD0.js:24:3139)
    at Np (https://gym-gurus-production.up.railway.app/assets/vendor-ui-BMNA1oD0.js:24:44448)
    at Rp (https://gym-gurus-production.up.railway.app/assets/vendor-ui-BMNA1oD0.js:24:39699)
    at ww (https://gym-gurus-production.up.railway.app/assets/vendor-ui-BMNA1oD0.js:24:39627)
    at Fi (https://gym-gurus-production.up.railway.app/assets/vendor-ui-BMNA1oD0.js:24:39481)
    at ia (https://gym-gurus-production.up.railway.app/assets/vendor-ui-BMNA1oD0.js:24:35863)
    at nf (https://gym-gurus-production.up.railway.app/assets/vendor-ui-BMNA1oD0.js:24:36665)
    at sn (https://gym-gurus-production.up.railway.app/assets/vendor-ui-BMNA1oD0.js:22:3272) {componentStack: 
    at rt (https://gym-gurus-production.up.railwa…ssets/vendor-query-KPOGofh8.js:9:36251)
    at Go} @ https://gym-gurus-production.up.railway.app/assets/index-BWXbP6aw.js:1
[   71376ms] [ERROR] ReferenceError: Cannot access 's' before initialization
    at rt (https://gym-gurus-production.up.railway.app/assets/WorkoutExecution-DGHvlKJO.js:4:1968)
    at tu (https://gym-gurus-production.up.railway.app/assets/vendor-ui-BMNA1oD0.js:22:16994)
    at Ys (https://gym-gurus-production.up.railway.app/assets/vendor-ui-BMNA1oD0.js:24:3139)
    at Np (https://gym-gurus-production.up.railway.app/assets/vendor-ui-BMNA1oD0.js:24:44448)
    at Rp (https://gym-gurus-production.up.railway.app/assets/vendor-ui-BMNA1oD0.js:24:39699)
    at ww (https://gym-gurus-production.up.railway.app/assets/vendor-ui-BMNA1oD0.js:24:39627)
    at Fi (https://gym-gurus-production.up.railway.app/assets/vendor-ui-BMNA1oD0.js:24:39481)
    at ia (https://gym-gurus-production.up.railway.app/assets/vendor-ui-BMNA1oD0.js:24:35863)
    at Ep (https://gym-gurus-production.up.railway.app/assets/vendor-ui-BMNA1oD0.js:24:34814)
    at E (https://gym-gurus-production.up.railway.app/assets/vendor-ui-BMNA1oD0.js:9:1554) @ https://gym-gurus-production.up.railway.app/assets/vendor-ui-BMNA1oD0.js:23
[   71377ms] [ERROR] ErrorBoundary caught an error: ReferenceError: Cannot access 's' before initialization
    at rt (https://gym-gurus-production.up.railway.app/assets/WorkoutExecution-DGHvlKJO.js:4:1968)
    at tu (https://gym-gurus-production.up.railway.app/assets/vendor-ui-BMNA1oD0.js:22:16994)
    at Ys (https://gym-gurus-production.up.railway.app/assets/vendor-ui-BMNA1oD0.js:24:3139)
    at Np (https://gym-gurus-production.up.railway.app/assets/vendor-ui-BMNA1oD0.js:24:44448)
    at Rp (https://gym-gurus-production.up.railway.app/assets/vendor-ui-BMNA1oD0.js:24:39699)
    at ww (https://gym-gurus-production.up.railway.app/assets/vendor-ui-BMNA1oD0.js:24:39627)
    at Fi (https://gym-gurus-production.up.railway.app/assets/vendor-ui-BMNA1oD0.js:24:39481)
    at ia (https://gym-gurus-production.up.railway.app/assets/vendor-ui-BMNA1oD0.js:24:35863)
    at Ep (https://gym-gurus-production.up.railway.app/assets/vendor-ui-BMNA1oD0.js:24:34814)
    at E (https://gym-gurus-production.up.railway.app/assets/vendor-ui-BMNA1oD0.js:9:1554) {componentStack: 
    at rt (https://gym-gurus-production.up.railwa…ssets/vendor-query-KPOGofh8.js:9:36251)
    at Go} @ https://gym-gurus-production.up.railway.app/assets/index-BWXbP6aw.js:1
