[   64685ms] [ERROR] TypeError: Cannot read properties of undefined (reading 'sets')
    at rt (https://gym-gurus-production.up.railway.app/assets/WorkoutExecution-BKe4_PJb.js:4:7022)
    at tu (https://gym-gurus-production.up.railway.app/assets/vendor-ui-BMNA1oD0.js:22:16994)
    at Ys (https://gym-gurus-production.up.railway.app/assets/vendor-ui-BMNA1oD0.js:24:3139)
    at Np (https://gym-gurus-production.up.railway.app/assets/vendor-ui-BMNA1oD0.js:24:44692)
    at Rp (https://gym-gurus-production.up.railway.app/assets/vendor-ui-BMNA1oD0.js:24:39699)
    at ww (https://gym-gurus-production.up.railway.app/assets/vendor-ui-BMNA1oD0.js:24:39627)
    at Fi (https://gym-gurus-production.up.railway.app/assets/vendor-ui-BMNA1oD0.js:24:39481)
    at ia (https://gym-gurus-production.up.railway.app/assets/vendor-ui-BMNA1oD0.js:24:35863)
    at Ep (https://gym-gurus-production.up.railway.app/assets/vendor-ui-BMNA1oD0.js:24:34814)
    at E (https://gym-gurus-production.up.railway.app/assets/vendor-ui-BMNA1oD0.js:9:1554) @ https://gym-gurus-production.up.railway.app/assets/vendor-ui-BMNA1oD0.js:23
[   64686ms] [ERROR] ErrorBoundary caught an error: TypeError: Cannot read properties of undefined (reading 'sets')
    at rt (https://gym-gurus-production.up.railway.app/assets/WorkoutExecution-BKe4_PJb.js:4:7022)
    at tu (https://gym-gurus-production.up.railway.app/assets/vendor-ui-BMNA1oD0.js:22:16994)
    at Ys (https://gym-gurus-production.up.railway.app/assets/vendor-ui-BMNA1oD0.js:24:3139)
    at Np (https://gym-gurus-production.up.railway.app/assets/vendor-ui-BMNA1oD0.js:24:44692)
    at Rp (https://gym-gurus-production.up.railway.app/assets/vendor-ui-BMNA1oD0.js:24:39699)
    at ww (https://gym-gurus-production.up.railway.app/assets/vendor-ui-BMNA1oD0.js:24:39627)
    at Fi (https://gym-gurus-production.up.railway.app/assets/vendor-ui-BMNA1oD0.js:24:39481)
    at ia (https://gym-gurus-production.up.railway.app/assets/vendor-ui-BMNA1oD0.js:24:35863)
    at Ep (https://gym-gurus-production.up.railway.app/assets/vendor-ui-BMNA1oD0.js:24:34814)
    at E (https://gym-gurus-production.up.railway.app/assets/vendor-ui-BMNA1oD0.js:9:1554) {componentStack: 
    at rt (https://gym-gurus-production.up.railwa…ssets/vendor-query-KPOGofh8.js:9:36251)
    at Go} @ https://gym-gurus-production.up.railway.app/assets/index-ByYwwA3V.js:1
